<?xml version="1.0" encoding="UTF-8"?><testsuite errors="0" failures="0" name="com.restful.booker.bookinginfo.BookingCURDTestWithSteps" skipped="0" tests="5" time="18.34" timestamp="2023-06-06T22:23:31.556+01:00[Europe/London]"><testcase classname="com.restful.booker.bookinginfo.BookingCURDTestWithSteps" name="This method will create a Token"/><testcase classname="com.restful.booker.bookinginfo.BookingCURDTestWithSteps" name="This method will create and verify a booking"/><testcase classname="com.restful.booker.bookinginfo.BookingCURDTestWithSteps" name="This method will get booking with Id"/><testcase classname="com.restful.booker.bookinginfo.BookingCURDTestWithSteps" name="This method will updated a booking with ID"/><testcase classname="com.restful.booker.bookinginfo.BookingCURDTestWithSteps" name="This method will delete a booking with ID"/></testsuite>